[2026-05-03T13:01:24Z] Starting node2 metrics collection...
[2026-05-03T13:01:58Z] Starting node2 metrics collection...
[2026-05-03T13:01:58Z] Metrics written to /home/localadmin/.openclaw/workspace/cost-tracking/daily/node2-2026-05-03.json
[2026-05-03T13:01:58Z] Power: 100W | Elec: $0/day | Depreciation: $0/day
[2026-05-03T13:02:43Z] Starting node2 metrics collection...
[2026-05-03T13:02:43Z] Metrics written to /home/localadmin/.openclaw/workspace/cost-tracking/daily/node2-2026-05-03.json
[2026-05-03T13:02:43Z] Power: 330.18W | Elec: $0.7924/day | Depreciation: $8.2192/day
[2026-05-03T13:02:57Z] Starting node2 metrics collection...
tr: missing operand
Try 'tr --help' for more information.
xargs: echo: terminated by signal 13
tr: missing operand
Try 'tr --help' for more information.
xargs: echo: terminated by signal 13
[2026-05-03T13:02:57Z] Metrics written to /home/localadmin/.openclaw/workspace/cost-tracking/daily/node2-2026-05-03.json
[2026-05-03T13:02:57Z] Power: 311.36W | Elec: $0.7473/day | Depreciation: $8.2192/day
[2026-05-03T13:14:40Z] Starting node2 metrics collection...
tr: missing operand
Try 'tr --help' for more information.
xargs: echo: terminated by signal 13
tr: missing operand
Try 'tr --help' for more information.
xargs: echo: terminated by signal 13
[2026-05-03T13:14:40Z] Metrics written to /home/localadmin/.openclaw/workspace/cost-tracking/daily/node2-2026-05-03.json
[2026-05-03T13:14:50Z] Starting node2 metrics collection...
tr: missing operand
Try 'tr --help' for more information.
xargs: echo: terminated by signal 13
tr: missing operand
Try 'tr --help' for more information.
xargs: echo: terminated by signal 13
[2026-05-03T13:14:50Z] Metrics written to /home/localadmin/.openclaw/workspace/cost-tracking/daily/node2-2026-05-03.json
[2026-05-03T13:14:50Z] Power: 120.49W | Elec: $0.2892/day | Total: $0.2892/day
[2026-05-03T13:17:08Z] Starting node2 metrics collection (multiple samples)...
[2026-05-03T13:17:08Z] 4 samples collected. Avg power: 119.72W | Elec: $0.2873/day | Total: $0.2873/day
[2026-05-03T13:18:59Z] Starting node2 metrics collection (multiple samples)...
[2026-05-03T13:19:02Z] Starting node2 metrics collection (multiple samples)...
[2026-05-03T13:19:43Z] Starting node2 metrics collection...
[2026-05-03T13:19:43Z] 4 samples (new: 0). Avg power: 119.72W | Elec: $0.4453/day | Total: $0.4453/day
[2026-05-03T18:00:35Z] Starting node2 metrics collection...
[2026-05-03T18:00:35Z] 4 samples (new: 0). Avg power: 119.72W | Elec: $0.4453/day | Total: $0.4453/day
[2026-05-04T00:05:16Z] Starting node2 metrics collection...
[2026-05-04T00:05:16Z] 4 samples (new: 4). Avg power: 243.66W | Elec: $0.9064/day | Total: $0.9064/day
[2026-05-04T06:00:28Z] Starting node2 metrics collection...
[2026-05-04T06:00:28Z] 4 samples (new: 0). Avg power: 243.66W | Elec: $0.9064/day | Total: $0.9064/day
[2026-05-04T12:01:53Z] Starting node2 metrics collection...
[2026-05-04T12:01:53Z] 4 samples (new: 0). Avg power: 243.66W | Elec: $0.9064/day | Total: $0.9064/day
[2026-05-04T18:00:30Z] Starting node2 metrics collection...
[2026-05-04T18:00:30Z] 4 samples (new: 0). Avg power: 243.66W | Elec: $0.9064/day | Total: $0.9064/day
[2026-05-05T06:00:15Z] Starting node2 metrics collection...
[2026-05-05T06:00:15Z] 4 samples (new: 4). Avg power: 119.53W | Elec: $0.4447/day | Total: $0.4447/day
[2026-05-05T12:46:40Z] Starting node2 metrics collection...
[2026-05-05T12:46:40Z] 4 samples (new: 0). Avg power: 119.53W | Elec: $0.4447/day | Total: $0.4447/day
[2026-05-05T18:00:35Z] Starting node2 metrics collection...
[2026-05-05T18:00:35Z] 4 samples (new: 0). Avg power: 119.53W | Elec: $0.4447/day | Total: $0.4447/day
[2026-05-06T00:00:10Z] Starting node2 metrics collection...
[2026-05-06T00:00:10Z] 4 samples (new: 4). Avg power: 120.29W | Elec: $0.4475/day | Total: $0.4475/day
[2026-05-06T06:00:51Z] Starting node2 metrics collection...
[2026-05-06T06:00:51Z] 4 samples (new: 0). Avg power: 120.29W | Elec: $0.4475/day | Total: $0.4475/day
[2026-05-06T12:02:00Z] Starting node2 metrics collection...
[2026-05-06T12:02:00Z] 4 samples (new: 0). Avg power: 120.29W | Elec: $0.4475/day | Total: $0.4475/day
[2026-05-06T18:00:13Z] Starting node2 metrics collection...
[2026-05-06T18:00:13Z] 4 samples (new: 0). Avg power: 120.29W | Elec: $0.4475/day | Total: $0.4475/day
[2026-05-07T00:00:22Z] Starting node2 metrics collection...
[2026-05-07T00:00:22Z] 4 samples (new: 4). Avg power: 340.86W | Elec: $1.2681/day | Total: $1.2681/day
[2026-05-07T18:00:40Z] Starting node2 metrics collection...
[2026-05-07T18:00:40Z] 4 samples (new: 0). Avg power: 340.86W | Elec: $1.2681/day | Total: $1.2681/day
[2026-05-09T06:03:05Z] Starting node2 metrics collection...
[2026-05-09T06:03:05Z] 4 samples (new: 4). Avg power: 240.36W | Elec: $0.8942/day | Total: $0.8942/day
[2026-05-09T12:01:14Z] Starting node2 metrics collection...
[2026-05-09T12:01:14Z] 4 samples (new: 0). Avg power: 240.36W | Elec: $0.8942/day | Total: $0.8942/day
[2026-05-09T18:00:06Z] Starting node2 metrics collection...
[2026-05-09T18:00:06Z] 4 samples (new: 0). Avg power: 240.36W | Elec: $0.8942/day | Total: $0.8942/day
[2026-05-10T00:00:06Z] Starting node2 metrics collection...
[2026-05-10T00:00:06Z] 4 samples (new: 4). Avg power: 230.59W | Elec: $0.8578/day | Total: $0.8578/day
[2026-05-10T06:00:06Z] Starting node2 metrics collection...
[2026-05-10T06:00:06Z] 4 samples (new: 0). Avg power: 230.59W | Elec: $0.8578/day | Total: $0.8578/day
[2026-05-10T12:02:05Z] Starting node2 metrics collection...
[2026-05-10T12:02:05Z] 4 samples (new: 0). Avg power: 230.59W | Elec: $0.8578/day | Total: $0.8578/day
[2026-05-10T18:00:06Z] Starting node2 metrics collection...
[2026-05-10T18:00:06Z] 4 samples (new: 0). Avg power: 230.59W | Elec: $0.8578/day | Total: $0.8578/day
[2026-05-11T00:00:06Z] Starting node2 metrics collection...
[2026-05-11T00:00:06Z] 4 samples (new: 4). Avg power: 227.42W | Elec: $0.8460/day | Total: $0.8460/day
[2026-05-11T06:00:06Z] Starting node2 metrics collection...
[2026-05-11T06:00:06Z] 4 samples (new: 0). Avg power: 227.42W | Elec: $0.8460/day | Total: $0.8460/day
[2026-05-11T12:02:15Z] Starting node2 metrics collection...
[2026-05-11T12:02:15Z] 4 samples (new: 0). Avg power: 227.42W | Elec: $0.8460/day | Total: $0.8460/day
[2026-05-11T18:00:06Z] Starting node2 metrics collection...
[2026-05-11T18:00:06Z] 4 samples (new: 0). Avg power: 227.42W | Elec: $0.8460/day | Total: $0.8460/day
[2026-05-12T00:00:06Z] Starting node2 metrics collection...
[2026-05-12T00:00:06Z] 4 samples (new: 4). Avg power: 227.63W | Elec: $0.8468/day | Total: $0.8468/day
[2026-05-12T06:00:09Z] Starting node2 metrics collection...
[2026-05-12T06:00:09Z] 4 samples (new: 0). Avg power: 227.63W | Elec: $0.8468/day | Total: $0.8468/day
[2026-05-12T12:01:22Z] Starting node2 metrics collection...
[2026-05-12T12:01:22Z] 4 samples (new: 0). Avg power: 227.63W | Elec: $0.8468/day | Total: $0.8468/day
[2026-05-12T18:00:16Z] Starting node2 metrics collection...
[2026-05-12T18:00:16Z] 4 samples (new: 0). Avg power: 227.63W | Elec: $0.8468/day | Total: $0.8468/day
[2026-05-13T00:00:08Z] Starting node2 metrics collection...
[2026-05-13T00:00:08Z] 4 samples (new: 4). Avg power: 226.82W | Elec: $0.8438/day | Total: $0.8438/day
[2026-05-13T06:00:08Z] Starting node2 metrics collection...
[2026-05-13T06:00:08Z] 4 samples (new: 0). Avg power: 226.82W | Elec: $0.8438/day | Total: $0.8438/day
[2026-05-13T12:02:23Z] Starting node2 metrics collection...
[2026-05-13T12:02:23Z] 4 samples (new: 0). Avg power: 226.82W | Elec: $0.8438/day | Total: $0.8438/day
[2026-05-13T18:00:31Z] Starting node2 metrics collection...
[2026-05-13T18:00:31Z] 4 samples (new: 0). Avg power: 226.82W | Elec: $0.8438/day | Total: $0.8438/day
[2026-05-13T18:00:38Z] Starting node2 metrics collection...
[2026-05-13T18:00:38Z] 4 samples (new: 0). Avg power: 226.82W | Elec: $0.8438/day | Total: $0.8438/day
[2026-05-14T00:00:10Z] Starting node2 metrics collection...
[2026-05-14T00:00:10Z] 4 samples (new: 4). Avg power: 232.34W | Elec: $0.8643/day | Total: $0.8643/day
[2026-05-14T06:00:13Z] Starting node2 metrics collection...
[2026-05-14T06:00:13Z] 4 samples (new: 0). Avg power: 232.34W | Elec: $0.8643/day | Total: $0.8643/day
[2026-05-14T12:05:20Z] Starting node2 metrics collection...
[2026-05-14T12:05:20Z] 4 samples (new: 0). Avg power: 232.34W | Elec: $0.8643/day | Total: $0.8643/day
[2026-05-14T12:05:25Z] Starting node2 metrics collection...
[2026-05-14T12:05:25Z] 4 samples (new: 0). Avg power: 232.34W | Elec: $0.8643/day | Total: $0.8643/day
[2026-05-14T18:09:46Z] Starting node2 metrics collection...
[2026-05-14T18:09:46Z] 4 samples (new: 0). Avg power: 232.34W | Elec: $0.8643/day | Total: $0.8643/day
[2026-05-15T00:00:27Z] Starting node2 metrics collection...
[2026-05-15T00:00:27Z] 4 samples (new: 4). Avg power: 230.10W | Elec: $0.8559/day | Total: $0.8559/day
[2026-05-15T06:00:27Z] Starting node2 metrics collection...
[2026-05-15T06:00:27Z] 4 samples (new: 0). Avg power: 230.10W | Elec: $0.8559/day | Total: $0.8559/day
[2026-05-15T12:03:50Z] Starting node2 metrics collection...
[2026-05-15T12:03:50Z] 4 samples (new: 0). Avg power: 230.10W | Elec: $0.8559/day | Total: $0.8559/day
[2026-05-15T18:00:43Z] Starting node2 metrics collection...
[2026-05-15T18:00:43Z] 4 samples (new: 0). Avg power: 230.10W | Elec: $0.8559/day | Total: $0.8559/day
