🚀 Dashboard running at http://0.0.0.0:3000
[ws] client connected
[collect] ok @ 2026-04-16T20:04:55Z
[ws] client connected
[collect] ok @ 2026-04-16T20:05:24Z
[collect] ok @ 2026-04-16T20:05:54Z
[collect] ok @ 2026-04-16T20:06:24Z
[ws] client connected
[ws] client connected
[collect] ok @ 2026-04-16T20:06:54Z
[collect] ok @ 2026-04-16T20:07:25Z
[collect] ok @ 2026-04-16T20:07:54Z
[collect] ok @ 2026-04-16T20:08:24Z
[collect] ok @ 2026-04-16T20:08:54Z
[collect] ok @ 2026-04-16T20:09:24Z
[collect] ok @ 2026-04-16T20:09:54Z
[collect] ok @ 2026-04-16T20:10:24Z
[collect] ok @ 2026-04-16T20:10:55Z
[collect] ok @ 2026-04-16T20:11:24Z
[collect] ok @ 2026-04-16T20:11:59Z
[collect] ok @ 2026-04-16T20:12:35Z
[collect] ok @ 2026-04-16T20:13:04Z
[collect] ok @ 2026-04-16T20:13:27Z
[collect] ok @ 2026-04-16T20:14:04Z
[collect] ok @ 2026-04-16T20:14:34Z
[collect] ok @ 2026-04-16T20:15:05Z
[collect] ok @ 2026-04-16T20:15:34Z
[collect] ok @ 2026-04-16T20:16:07Z
[collect] ok @ 2026-04-16T20:16:35Z
[collect] ok @ 2026-04-16T20:17:05Z
[collect] ok @ 2026-04-16T20:17:35Z
[collect] ok @ 2026-04-16T20:18:04Z
[ws] client connected
[collect] ok @ 2026-04-16T20:18:34Z
[collect] ok @ 2026-04-16T20:19:05Z
[collect] ok @ 2026-04-16T20:19:33Z
[collect] ok @ 2026-04-16T20:20:05Z
[collect] ok @ 2026-04-16T20:20:34Z
[collect] ok @ 2026-04-16T20:21:04Z
[ws] manual sync requested
[ws] client connected
[collect] ok @ 2026-04-16T20:21:34Z
[collect] ok @ 2026-04-16T20:22:05Z
[collect] ok @ 2026-04-16T20:22:32Z
[collect] ok @ 2026-04-16T20:23:05Z
[collect] ok @ 2026-04-16T20:23:27Z
[collect] ok @ 2026-04-16T20:24:05Z
[collect] ok @ 2026-04-16T20:24:33Z
[collect] ok @ 2026-04-16T20:25:04Z
[collect] ok @ 2026-04-16T20:25:35Z
[collect] ok @ 2026-04-16T20:26:04Z
[collect] ok @ 2026-04-16T20:26:34Z
[collect] ok @ 2026-04-16T20:27:04Z
[collect] ok @ 2026-04-16T20:27:35Z
[collect] ok @ 2026-04-16T20:28:06Z
[collect] ok @ 2026-04-16T20:28:27Z
[collect] ok @ 2026-04-16T20:29:04Z
[collect] ok @ 2026-04-16T20:29:34Z
[collect] ok @ 2026-04-16T20:30:06Z
[collect] ok @ 2026-04-16T20:30:33Z
[collect] ok @ 2026-04-16T20:31:04Z
[collect] ok @ 2026-04-16T20:31:32Z
[collect] parse error: Bad control character in string literal in JSON at position 390 (line 1 column 391) raw: {"timestamp":"2026-04-16T20:32:05Z","ts":{"cpu1":"42.000","cpu2":"39.000","sys":"41.000","pch":"48.000","perip":"55.000","fan1":"800.000","fan2":"na","fan5":"1000.000","drive0_temp":"36","drive1_temp"
[collect] parse error: Bad control character in string literal in JSON at position 390 (line 1 column 391) raw: {"timestamp":"2026-04-16T20:32:34Z","ts":{"cpu1":"40.000","cpu2":"38.000","sys":"41.000","pch":"48.000","perip":"55.000","fan1":"800.000","fan2":"na","fan5":"1000.000","drive0_temp":"35","drive1_temp"
[collect] parse error: Bad control character in string literal in JSON at position 390 (line 1 column 391) raw: {"timestamp":"2026-04-16T20:33:04Z","ts":{"cpu1":"39.000","cpu2":"37.000","sys":"41.000","pch":"48.000","perip":"55.000","fan1":"800.000","fan2":"na","fan5":"1000.000","drive0_temp":"36","drive1_temp"
[collect] ok @ 2026-04-16T20:33:28Z
[collect] ok @ 2026-04-16T20:34:04Z
[collect] ok @ 2026-04-16T20:34:34Z
[collect] ok @ 2026-04-16T20:35:03Z
[collect] ok @ 2026-04-16T20:35:33Z
[collect] ok @ 2026-04-16T20:36:05Z
[collect] ok @ 2026-04-16T20:36:34Z
[collect] ok @ 2026-04-16T20:37:04Z
[collect] ok @ 2026-04-16T20:37:34Z
[collect] ok @ 2026-04-16T20:37:59Z
[collect] ok @ 2026-04-16T20:38:27Z
[collect] ok @ 2026-04-16T20:39:05Z
[collect] ok @ 2026-04-16T20:39:34Z
[collect] ok @ 2026-04-16T20:40:04Z
[collect] ok @ 2026-04-16T20:40:37Z
[collect] ok @ 2026-04-16T20:41:05Z
[collect] ok @ 2026-04-16T20:41:36Z
[collect] ok @ 2026-04-16T20:42:07Z
[collect] error: Command failed: bash /home/localadmin/.openclaw/workspace/skills/daily-systems-status/scripts/collect-once.sh

